2026-04-06 15:34:33,885 - INFO - ==============================
2026-04-06 15:34:33,885 - INFO - Starting Production Schedule Optimizer
2026-04-06 15:34:33,885 - INFO - ==============================
2026-04-06 15:34:33,886 - INFO - Attempting to read CSV file: production_orders.csv
2026-04-06 15:34:33,890 - INFO - Successfully read 6 rows from CSV.
2026-04-06 15:34:33,891 - INFO - Starting data transformation...
2026-04-06 15:34:33,891 - ERROR - Error converting dates: 'DueDate'. Check CSV for correct date format (YYYY-MM-DD).
2026-04-06 15:39:47,745 - INFO - ==============================
2026-04-06 15:39:47,745 - INFO - Starting Production Schedule Optimizer
2026-04-06 15:39:47,745 - INFO - ==============================
2026-04-06 15:39:47,747 - INFO - Attempting to read CSV file: production_orders.csv
2026-04-06 15:39:47,750 - INFO - Successfully read 6 rows from CSV.
2026-04-06 15:39:47,750 - INFO - Starting data transformation...
2026-04-06 15:39:47,751 - ERROR - Error converting dates: 'DueDate'. Check CSV for correct date format (YYYY-MM-DD).
2026-04-06 15:41:34,392 - INFO - ==============================
2026-04-06 15:41:34,392 - INFO - Starting Production Schedule Optimizer
2026-04-06 15:41:34,393 - INFO - ==============================
2026-04-06 15:41:34,393 - INFO - Attempting to read CSV file: production_orders.csv
2026-04-06 15:41:34,396 - INFO - Successfully read 5 rows from CSV.
2026-04-06 15:41:34,396 - INFO - Starting data transformation...
2026-04-06 15:41:34,396 - ERROR - Error converting dates: 'DueDate'. Check CSV for correct date format (YYYY-MM-DD).
2026-04-06 15:50:02,422 - INFO - ==============================
2026-04-06 15:50:02,423 - INFO - Starting Production Schedule Optimizer
2026-04-06 15:50:02,423 - INFO - ==============================
2026-04-06 15:50:02,423 - INFO - Attempting to read CSV file: production_orders.csv
2026-04-06 15:50:02,427 - INFO - Successfully read 5 rows from CSV.
2026-04-06 15:50:02,427 - INFO - Starting data transformation...
2026-04-06 15:50:02,428 - ERROR - Error converting dates: 'DueDate'. Check CSV for correct date format (YYYY-MM-DD).
2026-04-06 15:54:56,808 - INFO - ==============================
2026-04-06 15:54:56,808 - INFO - Starting Production Schedule Optimizer
2026-04-06 15:54:56,808 - INFO - ==============================
2026-04-06 15:54:56,809 - INFO - Attempting to read CSV file: production_orders.csv
2026-04-06 15:54:56,811 - INFO - Successfully read 5 rows from CSV.
2026-04-06 15:54:56,812 - INFO - Actual column names: ['OrderID,DueDate,Qty,Material']
2026-04-06 15:54:56,812 - INFO - Starting data transformation...
2026-04-06 15:54:56,812 - ERROR - Error converting dates: 'DueDate'. Check CSV for correct date format (YYYY-MM-DD).
2026-04-06 15:56:01,147 - INFO - ==============================
2026-04-06 15:56:01,147 - INFO - Starting Production Schedule Optimizer
2026-04-06 15:56:01,147 - INFO - ==============================
2026-04-06 15:56:01,147 - INFO - Attempting to read CSV file: production_orders.csv
2026-04-06 15:56:01,150 - INFO - Successfully read 5 rows from CSV.
2026-04-06 15:56:01,151 - INFO - Actual column names: ['OrderID,DueDate,Qty,Material']
2026-04-06 15:56:01,151 - INFO - Starting data transformation...
2026-04-06 15:56:01,151 - ERROR - Error converting dates: 'DueDate'. Check CSV for correct date format (YYYY-MM-DD).
2026-04-06 16:04:03,892 - INFO - ==============================
2026-04-06 16:04:03,892 - INFO - Starting Production Schedule Optimizer
2026-04-06 16:04:03,892 - INFO - ==============================
2026-04-06 16:04:03,892 - INFO - Attempting to read CSV file: production_orders.csv
2026-04-06 16:04:03,895 - INFO - Successfully read 5 rows from CSV.
2026-04-06 16:04:03,895 - INFO - Actual column names: ['OrderID', 'DueDate', 'Qty', 'Material']
2026-04-06 16:04:03,895 - INFO - Starting data transformation...
2026-04-06 16:04:03,901 - INFO - Successfully converted 'DueDate' to datetime format.
2026-04-06 16:04:03,903 - INFO - Calculated 'SuggestedWeek' for all orders.
2026-04-06 16:04:03,904 - INFO - Sorted data by 'DueDate'.
2026-04-06 16:04:03,907 - INFO - Data transformation complete. DataFrame shape: (5, 5)
2026-04-06 16:04:03,907 - INFO - Attempting to write data to Google Sheets...
2026-04-06 16:04:03,965 - INFO - Successfully authenticated with Google Sheets API.
2026-04-06 16:04:08,529 - INFO - Worksheet 'Optimized Schedule' not found. Creating a new one.
2026-04-06 16:04:09,728 - INFO - SUCCESS! Data successfully written to Google Sheet: 'Production Orders' -> 'Optimized Schedule'.
2026-04-06 16:04:09,728 - INFO - ==============================
2026-04-06 16:04:09,728 - INFO - Production Schedule Optimizer finished successfully!
2026-04-06 16:04:09,728 - INFO - ==============================
